<?xml version="1.0" encoding="UTF-8"?>
<testsuite xmlns:xsi="http://www.w3.org/2001/XMLSchema-instance" xsi:noNamespaceSchemaLocation="https://maven.apache.org/surefire/maven-surefire-plugin/xsd/surefire-test-report-3.0.xsd" version="3.0" name="br.com.fiap.sentinela.OcorrenciaApiTest" time="4.905" tests="5" errors="0" skipped="0" failures="0">
  <properties>
[...]
</properties>
  <testcase name="deveCriarRegiao" classname="br.com.fiap.sentinela.OcorrenciaApiTest" time="0.641">
    <system-out><![CDATA[19:10:13.583 [main] INFO org.springframework.test.context.support.AnnotationConfigContextLoaderUtils -- Could not detect default configuration classes for test class [br.com.fiap.sentinela.OcorrenciaApiTest]: OcorrenciaApiTest does not declare any static, non-private, non-final, nested classes annotated with @Configuration.
19:10:13.678 [main] INFO org.springframework.boot.test.context.SpringBootTestContextBootstrapper -- Found @SpringBootConfiguration br.com.fiap.sentinela.SentinelaApplication for test class br.com.fiap.sentinela.OcorrenciaApiTest

  .   ____          _            __ _ _
 /\\ / ___'_ __ _ _(_)_ __  __ _ \ \ \ \
( ( )\___ | '_ | '_| | '_ \/ _` | \ \ \ \
 \\/  ___)| |_)| | | | | || (_| |  ) ) ) )
  '  |____| .__|_| |_|_| |_\__, | / / / /
 =========|_|==============|___/=/_/_/_/

 :: Spring Boot ::                (v3.3.5)

2026-06-04T19:10:14.050-03:00  INFO 7580 --- [sentinela-api] [           main] b.com.fiap.sentinela.OcorrenciaApiTest   : Starting OcorrenciaApiTest using Java 23.0.2 with PID 7580 (started by Italo in C:\Users\Pichau\Desktop\Project\college\4°ano\Global part1\sentinela-api)
2026-06-04T19:10:14.051-03:00  INFO 7580 --- [sentinela-api] [           main] b.com.fiap.sentinela.OcorrenciaApiTest   : The following 1 profile is active: "test"
2026-06-04T19:10:14.740-03:00  INFO 7580 --- [sentinela-api] [           main] .s.d.r.c.RepositoryConfigurationDelegate : Bootstrapping Spring Data JPA repositories in DEFAULT mode.
2026-06-04T19:10:14.795-03:00  INFO 7580 --- [sentinela-api] [           main] .s.d.r.c.RepositoryConfigurationDelegate : Finished Spring Data repository scanning in 49 ms. Found 2 JPA repository interfaces.
2026-06-04T19:10:15.160-03:00  INFO 7580 --- [sentinela-api] [           main] o.hibernate.jpa.internal.util.LogHelper  : HHH000204: Processing PersistenceUnitInfo [name: default]
2026-06-04T19:10:15.227-03:00  INFO 7580 --- [sentinela-api] [           main] org.hibernate.Version                    : HHH000412: Hibernate ORM core version 6.5.3.Final
2026-06-04T19:10:15.260-03:00  INFO 7580 --- [sentinela-api] [           main] o.h.c.internal.RegionFactoryInitiator    : HHH000026: Second-level cache disabled
2026-06-04T19:10:15.573-03:00  INFO 7580 --- [sentinela-api] [           main] o.s.o.j.p.SpringPersistenceUnitInfo      : No LoadTimeWeaver setup: ignoring JPA class transformer
2026-06-04T19:10:15.602-03:00  INFO 7580 --- [sentinela-api] [           main] com.zaxxer.hikari.HikariDataSource       : HikariPool-1 - Starting...
2026-06-04T19:10:15.887-03:00  INFO 7580 --- [sentinela-api] [           main] com.zaxxer.hikari.pool.HikariPool        : HikariPool-1 - Added connection conn0: url=jdbc:h2:mem:sentinela_test user=SA
2026-06-04T19:10:15.888-03:00  INFO 7580 --- [sentinela-api] [           main] com.zaxxer.hikari.HikariDataSource       : HikariPool-1 - Start completed.
2026-06-04T19:10:16.688-03:00  INFO 7580 --- [sentinela-api] [           main] o.h.e.t.j.p.i.JtaPlatformInitiator       : HHH000489: No JTA platform available (set 'hibernate.transaction.jta.platform' to enable JTA platform integration)
2026-06-04T19:10:16.729-03:00  INFO 7580 --- [sentinela-api] [           main] j.LocalContainerEntityManagerFactoryBean : Initialized JPA EntityManagerFactory for persistence unit 'default'
2026-06-04T19:10:17.174-03:00  WARN 7580 --- [sentinela-api] [           main] JpaBaseConfiguration$JpaWebConfiguration : spring.jpa.open-in-view is enabled by default. Therefore, database queries may be performed during view rendering. Explicitly configure spring.jpa.open-in-view to disable this warning
2026-06-04T19:10:17.544-03:00  INFO 7580 --- [sentinela-api] [           main] o.s.b.t.m.w.SpringBootMockServletContext : Initializing Spring TestDispatcherServlet ''
2026-06-04T19:10:17.544-03:00  INFO 7580 --- [sentinela-api] [           main] o.s.t.web.servlet.TestDispatcherServlet  : Initializing Servlet ''
2026-06-04T19:10:17.546-03:00  INFO 7580 --- [sentinela-api] [           main] o.s.t.web.servlet.TestDispatcherServlet  : Completed initialization in 1 ms
2026-06-04T19:10:17.563-03:00  INFO 7580 --- [sentinela-api] [           main] b.com.fiap.sentinela.OcorrenciaApiTest   : Started OcorrenciaApiTest in 3.758 seconds (process running for 4.681)
]]></system-out>
    <system-err><![CDATA[WARNING: A Java agent has been loaded dynamically (C:\Users\Pichau\.m2\repository\net\bytebuddy\byte-buddy-agent\1.14.19\byte-buddy-agent-1.14.19.jar)
WARNING: If a serviceability tool is in use, please run with -XX:+EnableDynamicAgentLoading to hide this warning
WARNING: If a serviceability tool is not in use, please run with -Djdk.instrument.traceUsage for more information
WARNING: Dynamic loading of agents will be disallowed by default in a future release
]]></system-err>
  </testcase>
  <testcase name="deveCriarOcorrencia" classname="br.com.fiap.sentinela.OcorrenciaApiTest" time="0.068"/>
  <testcase name="deveBuscarOcorrenciaPorId" classname="br.com.fiap.sentinela.OcorrenciaApiTest" time="0.012"/>
  <testcase name="deveRejeitarOcorrenciaInvalida" classname="br.com.fiap.sentinela.OcorrenciaApiTest" time="0.011"/>
  <testcase name="deveRetornar404ParaOcorrenciaInexistente" classname="br.com.fiap.sentinela.OcorrenciaApiTest" time="0.005"/>
</testsuite>